<?xml version="1.0" encoding="UTF-8"?>
<coverage generated="1634158663515" clover="3.2.0">
  <project timestamp="1634158663515" name="All files">
    <metrics statements="31" coveredstatements="31" conditionals="14" coveredconditionals="14" methods="15" coveredmethods="15" elements="60" coveredelements="60" complexity="0" loc="31" ncloc="31" packages="4" files="5" classes="5"/>
    <package name="components.Auth.FormLogin">
      <metrics statements="12" coveredstatements="12" conditionals="2" coveredconditionals="2" methods="7" coveredmethods="7"/>
      <file name="FormLogin.tsx" path="/home/jadir/Documents/projects/belt/belt-mobile/src/components/Auth/FormLogin/FormLogin.tsx">
        <metrics statements="12" coveredstatements="12" conditionals="2" coveredconditionals="2" methods="7" coveredmethods="7"/>
        <line num="22" count="2" type="stmt"/>
        <line num="27" count="14" type="stmt"/>
        <line num="31" count="14" type="stmt"/>
        <line num="33" count="14" type="stmt"/>
        <line num="34" count="2" type="stmt"/>
        <line num="37" count="14" type="stmt"/>
        <line num="38" count="1" type="stmt"/>
        <line num="41" count="14" type="stmt"/>
        <line num="48" count="22" type="stmt"/>
        <line num="54" count="3" type="stmt"/>
        <line num="65" count="23" type="stmt"/>
        <line num="84" count="4" type="stmt"/>
      </file>
    </package>
    <package name="components.ErrorText">
      <metrics statements="2" coveredstatements="2" conditionals="0" coveredconditionals="0" methods="1" coveredmethods="1"/>
      <file name="ErrorText.tsx" path="/home/jadir/Documents/projects/belt/belt-mobile/src/components/ErrorText/ErrorText.tsx">
        <metrics statements="2" coveredstatements="2" conditionals="0" coveredconditionals="0" methods="1" coveredmethods="1"/>
        <line num="9" count="4" type="stmt"/>
        <line num="10" count="10" type="stmt"/>
      </file>
    </package>
    <package name="components.Input">
      <metrics statements="16" coveredstatements="16" conditionals="12" coveredconditionals="12" methods="7" coveredmethods="7"/>
      <file name="Input.styles.ts" path="/home/jadir/Documents/projects/belt/belt-mobile/src/components/Input/Input.styles.ts">
        <metrics statements="11" coveredstatements="11" conditionals="6" coveredconditionals="6" methods="4" coveredmethods="4"/>
        <line num="8" count="3" type="stmt"/>
        <line num="9" count="9" type="stmt"/>
        <line num="12" count="2" type="stmt"/>
        <line num="26" count="3" type="stmt"/>
        <line num="28" count="3" type="stmt"/>
        <line num="29" count="53" type="stmt"/>
        <line num="42" count="3" type="stmt"/>
        <line num="43" count="24" type="stmt"/>
        <line num="49" count="3" type="stmt"/>
        <line num="53" count="3" type="stmt"/>
        <line num="61" count="3" type="stmt"/>
      </file>
      <file name="Input.tsx" path="/home/jadir/Documents/projects/belt/belt-mobile/src/components/Input/Input.tsx">
        <metrics statements="5" coveredstatements="5" conditionals="6" coveredconditionals="6" methods="3" coveredmethods="3"/>
        <line num="14" count="3" type="stmt"/>
        <line num="15" count="53" type="stmt"/>
        <line num="17" count="53" type="stmt"/>
        <line num="21" count="2" type="stmt"/>
        <line num="22" count="1" type="stmt"/>
      </file>
    </package>
    <package name="utils.validations">
      <metrics statements="1" coveredstatements="1" conditionals="0" coveredconditionals="0" methods="0" coveredmethods="0"/>
      <file name="auth.ts" path="/home/jadir/Documents/projects/belt/belt-mobile/src/utils/validations/auth.ts">
        <metrics statements="1" coveredstatements="1" conditionals="0" coveredconditionals="0" methods="0" coveredmethods="0"/>
        <line num="3" count="2" type="stmt"/>
      </file>
    </package>
  </project>
</coverage>
