{"/home/jadir/Documents/projects/belt/belt-mobile/src/components/Auth/FormLogin/FormLogin.tsx": {"path":"/home/jadir/Documents/projects/belt/belt-mobile/src/components/Auth/FormLogin/FormLogin.tsx","statementMap":{"0":{"start":{"line":22,"column":18},"end":{"line":94,"column":1}},"1":{"start":{"line":27,"column":6},"end":{"line":29,"column":4}},"2":{"start":{"line":31,"column":50},"end":{"line":31,"column":64}},"3":{"start":{"line":33,"column":29},"end":{"line":35,"column":3}},"4":{"start":{"line":34,"column":4},"end":{"line":34,"column":42}},"5":{"start":{"line":37,"column":17},"end":{"line":39,"column":3}},"6":{"start":{"line":38,"column":4},"end":{"line":38,"column":18}},"7":{"start":{"line":41,"column":2},"end":{"line":93,"column":3}},"8":{"start":{"line":48,"column":12},"end":{"line":56,"column":14}},"9":{"start":{"line":54,"column":39},"end":{"line":54,"column":54}},"10":{"start":{"line":65,"column":12},"end":{"line":85,"column":14}},"11":{"start":{"line":84,"column":39},"end":{"line":84,"column":54}}},"fnMap":{"0":{"name":"(anonymous_0)","decl":{"start":{"line":22,"column":18},"end":{"line":22,"column":19}},"loc":{"start":{"line":22,"column":52},"end":{"line":94,"column":1}},"line":22},"1":{"name":"(anonymous_1)","decl":{"start":{"line":33,"column":29},"end":{"line":33,"column":30}},"loc":{"start":{"line":33,"column":41},"end":{"line":35,"column":3}},"line":33},"2":{"name":"(anonymous_2)","decl":{"start":{"line":37,"column":17},"end":{"line":37,"column":18}},"loc":{"start":{"line":37,"column":35},"end":{"line":39,"column":3}},"line":37},"3":{"name":"(anonymous_3)","decl":{"start":{"line":47,"column":18},"end":{"line":47,"column":19}},"loc":{"start":{"line":48,"column":12},"end":{"line":56,"column":14}},"line":48},"4":{"name":"(anonymous_4)","decl":{"start":{"line":54,"column":28},"end":{"line":54,"column":29}},"loc":{"start":{"line":54,"column":39},"end":{"line":54,"column":54}},"line":54},"5":{"name":"(anonymous_5)","decl":{"start":{"line":64,"column":18},"end":{"line":64,"column":19}},"loc":{"start":{"line":65,"column":12},"end":{"line":85,"column":14}},"line":65},"6":{"name":"(anonymous_6)","decl":{"start":{"line":84,"column":28},"end":{"line":84,"column":29}},"loc":{"start":{"line":84,"column":39},"end":{"line":84,"column":54}},"line":84}},"branchMap":{"0":{"loc":{"start":{"line":77,"column":28},"end":{"line":77,"column":75}},"type":"cond-expr","locations":[{"start":{"line":77,"column":47},"end":{"line":77,"column":61}},{"start":{"line":77,"column":64},"end":{"line":77,"column":75}}],"line":77}},"s":{"0":2,"1":14,"2":14,"3":14,"4":2,"5":14,"6":1,"7":14,"8":22,"9":3,"10":23,"11":4},"f":{"0":14,"1":2,"2":1,"3":22,"4":3,"5":23,"6":4},"b":{"0":[22,1]},"_coverageSchema":"1a1c01bbd47fc00a2c39e90264f33305004495a9","hash":"ac94ec37bba3a4e732f972f56464382a56ea2b58"}
,"/home/jadir/Documents/projects/belt/belt-mobile/src/components/ErrorText/ErrorText.tsx": {"path":"/home/jadir/Documents/projects/belt/belt-mobile/src/components/ErrorText/ErrorText.tsx","statementMap":{"0":{"start":{"line":9,"column":18},"end":{"line":11,"column":1}},"1":{"start":{"line":10,"column":2},"end":{"line":10,"column":35}}},"fnMap":{"0":{"name":"(anonymous_0)","decl":{"start":{"line":9,"column":18},"end":{"line":9,"column":19}},"loc":{"start":{"line":10,"column":2},"end":{"line":10,"column":35}},"line":10}},"branchMap":{},"s":{"0":4,"1":10},"f":{"0":10},"b":{},"_coverageSchema":"1a1c01bbd47fc00a2c39e90264f33305004495a9","hash":"48f10b287d2acbd988006ecd2ed792c9280963c3"}
,"/home/jadir/Documents/projects/belt/belt-mobile/src/components/Input/Input.styles.ts": {"path":"/home/jadir/Documents/projects/belt/belt-mobile/src/components/Input/Input.styles.ts","statementMap":{"0":{"start":{"line":8,"column":30},"end":{"line":15,"column":1}},"1":{"start":{"line":9,"column":15},"end":{"line":11,"column":3}},"2":{"start":{"line":12,"column":15},"end":{"line":14,"column":3}},"3":{"start":{"line":26,"column":23},"end":{"line":26,"column":36}},"4":{"start":{"line":28,"column":28},"end":{"line":40,"column":1}},"5":{"start":{"line":29,"column":26},"end":{"line":39,"column":3}},"6":{"start":{"line":42,"column":20},"end":{"line":47,"column":1}},"7":{"start":{"line":43,"column":19},"end":{"line":46,"column":3}},"8":{"start":{"line":49,"column":26},"end":{"line":51,"column":1}},"9":{"start":{"line":53,"column":21},"end":{"line":59,"column":1}},"10":{"start":{"line":61,"column":28},"end":{"line":63,"column":1}}},"fnMap":{"0":{"name":"(anonymous_0)","decl":{"start":{"line":9,"column":9},"end":{"line":9,"column":10}},"loc":{"start":{"line":9,"column":15},"end":{"line":11,"column":3}},"line":9},"1":{"name":"(anonymous_1)","decl":{"start":{"line":12,"column":9},"end":{"line":12,"column":10}},"loc":{"start":{"line":12,"column":15},"end":{"line":14,"column":3}},"line":12},"2":{"name":"(anonymous_2)","decl":{"start":{"line":29,"column":4},"end":{"line":29,"column":5}},"loc":{"start":{"line":29,"column":26},"end":{"line":39,"column":3}},"line":29},"3":{"name":"(anonymous_3)","decl":{"start":{"line":43,"column":4},"end":{"line":43,"column":5}},"loc":{"start":{"line":43,"column":19},"end":{"line":46,"column":3}},"line":43}},"branchMap":{"0":{"loc":{"start":{"line":37,"column":6},"end":{"line":37,"column":44}},"type":"binary-expr","locations":[{"start":{"line":37,"column":6},"end":{"line":37,"column":11}},{"start":{"line":37,"column":15},"end":{"line":37,"column":44}}],"line":37},"1":{"loc":{"start":{"line":38,"column":6},"end":{"line":38,"column":44}},"type":"binary-expr","locations":[{"start":{"line":38,"column":6},"end":{"line":38,"column":11}},{"start":{"line":38,"column":15},"end":{"line":38,"column":44}}],"line":38},"2":{"loc":{"start":{"line":44,"column":13},"end":{"line":44,"column":53}},"type":"cond-expr","locations":[{"start":{"line":44,"column":21},"end":{"line":44,"column":34}},{"start":{"line":44,"column":37},"end":{"line":44,"column":53}}],"line":44}},"s":{"0":3,"1":9,"2":2,"3":3,"4":3,"5":53,"6":3,"7":24,"8":3,"9":3,"10":3},"f":{"0":9,"1":2,"2":53,"3":24},"b":{"0":[53,9],"1":[53,2],"2":[5,19]},"_coverageSchema":"1a1c01bbd47fc00a2c39e90264f33305004495a9","hash":"3994ecafa18c4932da970663b25152bb38525fa1"}
,"/home/jadir/Documents/projects/belt/belt-mobile/src/components/Input/Input.tsx": {"path":"/home/jadir/Documents/projects/belt/belt-mobile/src/components/Input/Input.tsx","statementMap":{"0":{"start":{"line":14,"column":14},"end":{"line":37,"column":1}},"1":{"start":{"line":15,"column":28},"end":{"line":15,"column":43}},"2":{"start":{"line":17,"column":2},"end":{"line":36,"column":3}},"3":{"start":{"line":21,"column":25},"end":{"line":21,"column":39}},"4":{"start":{"line":22,"column":24},"end":{"line":22,"column":39}}},"fnMap":{"0":{"name":"(anonymous_0)","decl":{"start":{"line":14,"column":14},"end":{"line":14,"column":15}},"loc":{"start":{"line":14,"column":69},"end":{"line":37,"column":1}},"line":14},"1":{"name":"(anonymous_1)","decl":{"start":{"line":21,"column":19},"end":{"line":21,"column":20}},"loc":{"start":{"line":21,"column":25},"end":{"line":21,"column":39}},"line":21},"2":{"name":"(anonymous_2)","decl":{"start":{"line":22,"column":18},"end":{"line":22,"column":19}},"loc":{"start":{"line":22,"column":24},"end":{"line":22,"column":39}},"line":22}},"branchMap":{"0":{"loc":{"start":{"line":25,"column":9},"end":{"line":29,"column":9}},"type":"binary-expr","locations":[{"start":{"line":25,"column":9},"end":{"line":25,"column":15}},{"start":{"line":26,"column":10},"end":{"line":28,"column":19}}],"line":25},"1":{"loc":{"start":{"line":30,"column":9},"end":{"line":30,"column":66}},"type":"binary-expr","locations":[{"start":{"line":30,"column":9},"end":{"line":30,"column":21}},{"start":{"line":30,"column":25},"end":{"line":30,"column":66}}],"line":30},"2":{"loc":{"start":{"line":33,"column":9},"end":{"line":33,"column":50}},"type":"binary-expr","locations":[{"start":{"line":33,"column":9},"end":{"line":33,"column":16}},{"start":{"line":33,"column":20},"end":{"line":33,"column":50}}],"line":33}},"s":{"0":3,"1":53,"2":53,"3":2,"4":1},"f":{"0":53,"1":2,"2":1},"b":{"0":[53,24],"1":[53,23],"2":[53,9]},"_coverageSchema":"1a1c01bbd47fc00a2c39e90264f33305004495a9","hash":"34f9ecb991747cfd0d94bd8477e28304584d574c"}
,"/home/jadir/Documents/projects/belt/belt-mobile/src/utils/validations/auth.ts": {"path":"/home/jadir/Documents/projects/belt/belt-mobile/src/utils/validations/auth.ts","statementMap":{"0":{"start":{"line":3,"column":38},"end":{"line":12,"column":2}}},"fnMap":{},"branchMap":{},"s":{"0":2},"f":{},"b":{},"_coverageSchema":"1a1c01bbd47fc00a2c39e90264f33305004495a9","hash":"2856b493f90610c9cf5d5b6b9ccf12dfd1c199e2"}
}
