TN:
SF:src/components/Auth/FormLogin/FormLogin.tsx
FN:22,(anonymous_0)
FN:33,(anonymous_1)
FN:37,(anonymous_2)
FN:47,(anonymous_3)
FN:54,(anonymous_4)
FN:64,(anonymous_5)
FN:84,(anonymous_6)
FNF:7
FNH:7
FNDA:14,(anonymous_0)
FNDA:2,(anonymous_1)
FNDA:1,(anonymous_2)
FNDA:22,(anonymous_3)
FNDA:3,(anonymous_4)
FNDA:23,(anonymous_5)
FNDA:4,(anonymous_6)
DA:22,2
DA:27,14
DA:31,14
DA:33,14
DA:34,2
DA:37,14
DA:38,1
DA:41,14
DA:48,22
DA:54,3
DA:65,23
DA:84,4
LF:12
LH:12
BRDA:77,0,0,22
BRDA:77,0,1,1
BRF:2
BRH:2
end_of_record
TN:
SF:src/components/ErrorText/ErrorText.tsx
FN:9,(anonymous_0)
FNF:1
FNH:1
FNDA:10,(anonymous_0)
DA:9,4
DA:10,10
LF:2
LH:2
BRF:0
BRH:0
end_of_record
TN:
SF:src/components/Input/Input.styles.ts
FN:9,(anonymous_0)
FN:12,(anonymous_1)
FN:29,(anonymous_2)
FN:43,(anonymous_3)
FNF:4
FNH:4
FNDA:9,(anonymous_0)
FNDA:2,(anonymous_1)
FNDA:53,(anonymous_2)
FNDA:24,(anonymous_3)
DA:8,3
DA:9,9
DA:12,2
DA:26,3
DA:28,3
DA:29,53
DA:42,3
DA:43,24
DA:49,3
DA:53,3
DA:61,3
LF:11
LH:11
BRDA:37,0,0,53
BRDA:37,0,1,9
BRDA:38,1,0,53
BRDA:38,1,1,2
BRDA:44,2,0,5
BRDA:44,2,1,19
BRF:6
BRH:6
end_of_record
TN:
SF:src/components/Input/Input.tsx
FN:14,(anonymous_0)
FN:21,(anonymous_1)
FN:22,(anonymous_2)
FNF:3
FNH:3
FNDA:53,(anonymous_0)
FNDA:2,(anonymous_1)
FNDA:1,(anonymous_2)
DA:14,3
DA:15,53
DA:17,53
DA:21,2
DA:22,1
LF:5
LH:5
BRDA:25,0,0,53
BRDA:25,0,1,24
BRDA:30,1,0,53
BRDA:30,1,1,23
BRDA:33,2,0,53
BRDA:33,2,1,9
BRF:6
BRH:6
end_of_record
TN:
SF:src/utils/validations/auth.ts
FNF:0
FNH:0
DA:3,2
LF:1
LH:1
BRF:0
BRH:0
end_of_record
